<?xml version="1.0" encoding="UTF-8"?>
<testng-results ignored="0" total="1" passed="1" failed="0" skipped="0">
  <reporter-output>
  </reporter-output>
  <suite started-at="2023-01-17T14:45:07 EST" name="Default suite" finished-at="2023-01-17T14:45:13 EST" duration-ms="5430">
    <groups>
    </groups>
    <test started-at="2023-01-17T14:45:07 EST" name="Default test" finished-at="2023-01-17T14:45:13 EST" duration-ms="5430">
      <class name="TestNG.DemoTestNG">
        <test-method signature="gmailLogin()[pri:0, instance:TestNG.DemoTestNG@62ddd21b]" started-at="2023-01-17T14:45:08 EST" name="gmailLogin" finished-at="2023-01-17T14:45:13 EST" duration-ms="5403" status="PASS">
          <reporter-output>
          </reporter-output>
        </test-method> <!-- gmailLogin -->
      </class> <!-- TestNG.DemoTestNG -->
    </test> <!-- Default test -->
  </suite> <!-- Default suite -->
</testng-results>
